c:\users\sungbae\desktop\서버프로젝트\multithreadtcpserver\multithreadtcpserver\x64\debug\vc141.pdb
c:\users\sungbae\desktop\서버프로젝트\multithreadtcpserver\multithreadtcpserver\x64\debug\vc141.idb
c:\users\sungbae\desktop\서버프로젝트\multithreadtcpserver\multithreadtcpserver\x64\debug\userdbmanager.obj
c:\users\sungbae\desktop\서버프로젝트\multithreadtcpserver\multithreadtcpserver\x64\debug\server.obj
c:\users\sungbae\desktop\서버프로젝트\multithreadtcpserver\multithreadtcpserver\x64\debug\player.obj
c:\users\sungbae\desktop\서버프로젝트\multithreadtcpserver\multithreadtcpserver\x64\debug\play.obj
c:\users\sungbae\desktop\서버프로젝트\multithreadtcpserver\multithreadtcpserver\x64\debug\main.obj
c:\users\sungbae\desktop\서버프로젝트\multithreadtcpserver\multithreadtcpserver\x64\debug\logmanager.obj
c:\users\sungbae\desktop\서버프로젝트\multithreadtcpserver\multithreadtcpserver\x64\debug\loginmanager.obj
c:\users\sungbae\desktop\서버프로젝트\multithreadtcpserver\multithreadtcpserver\x64\debug\ingamemanager.obj
c:\users\sungbae\desktop\서버프로젝트\multithreadtcpserver\multithreadtcpserver\x64\debug\gamemanager.obj
c:\users\sungbae\desktop\서버프로젝트\multithreadtcpserver\multithreadtcpserver\x64\debug\dice.obj
c:\users\sungbae\desktop\서버프로젝트\multithreadtcpserver\multithreadtcpserver\x64\debug\clientinfo.obj
c:\users\sungbae\desktop\서버프로젝트\multithreadtcpserver\multithreadtcpserver\x64\debug\board.obj
c:\users\sungbae\desktop\서버프로젝트\multithreadtcpserver\x64\debug\multithreadtcpserver.exe
c:\users\sungbae\desktop\서버프로젝트\multithreadtcpserver\x64\debug\multithreadtcpserver.ilk
c:\users\sungbae\desktop\서버프로젝트\multithreadtcpserver\x64\debug\multithreadtcpserver.pdb
c:\users\sungbae\desktop\서버프로젝트\multithreadtcpserver\multithreadtcpserver\x64\debug\multithr.48c75cd8.tlog\cl.command.1.tlog
c:\users\sungbae\desktop\서버프로젝트\multithreadtcpserver\multithreadtcpserver\x64\debug\multithr.48c75cd8.tlog\cl.read.1.tlog
c:\users\sungbae\desktop\서버프로젝트\multithreadtcpserver\multithreadtcpserver\x64\debug\multithr.48c75cd8.tlog\cl.write.1.tlog
c:\users\sungbae\desktop\서버프로젝트\multithreadtcpserver\multithreadtcpserver\x64\debug\multithr.48c75cd8.tlog\link.command.1.tlog
c:\users\sungbae\desktop\서버프로젝트\multithreadtcpserver\multithreadtcpserver\x64\debug\multithr.48c75cd8.tlog\link.read.1.tlog
c:\users\sungbae\desktop\서버프로젝트\multithreadtcpserver\multithreadtcpserver\x64\debug\multithr.48c75cd8.tlog\link.write.1.tlog
